<?xml version="1.0" encoding="UTF-8"?>
<!-- Generated by org.testng.reporters.JUnitXMLReporter -->
<testsuite hostname="LT-013BG-006536" ignored="0" name="Default test" tests="19" failures="0" timestamp="17 May 2019 11:54:47 GMT" time="0.429" errors="0">
  <testcase name="numbersAreConsecutive_consecutiveList_returnsTrue" time="0.029" classname="amc.pokerface.TestConsecutiveNumberChecker"/>
  <testcase name="numbersAreConsecutive_notConsecutive_returnsFalse" time="0.009" classname="amc.pokerface.TestConsecutiveNumberChecker"/>
  <testcase name="getLowestRankingAceHigh_lowCardTwo_returnsTwo" time="0.097" classname="model.TestPokerHand"/>
  <testcase name="isFlush_cardsAreFlush_returnsTrue" time="0.02" classname="amc.pokerface.TestPokerHandCalculator"/>
  <testcase name="isFlush_cardsAreNotFlush_returnsFalse" time="0.009" classname="amc.pokerface.TestPokerHandCalculator"/>
  <testcase name="isFourOfAKind_isFourOfAKind_returnsTrue" time="0.011" classname="amc.pokerface.TestPokerHandCalculator"/>
  <testcase name="isFourOfAKind_notFourOfAKind_returnsFalse" time="0.002" classname="amc.pokerface.TestPokerHandCalculator"/>
  <testcase name="isRoyalFlush_isRoyalFlush_returnsTrue" time="0.008" classname="amc.pokerface.TestPokerHandCalculator"/>
  <testcase name="isRoyalFlush_straightFlushButNotRoyal_returnsFalse" time="0.008" classname="amc.pokerface.TestPokerHandCalculator"/>
  <testcase name="isStraightFlush_flushButNotStraight_returnsFalse" time="0.004" classname="amc.pokerface.TestPokerHandCalculator"/>
  <testcase name="isStraightFlush_isStraightFlush_returnsTrue" time="0.001" classname="amc.pokerface.TestPokerHandCalculator"/>
  <testcase name="isStraightFlush_nonStraightFlush_returnsFalse" time="0.003" classname="amc.pokerface.TestPokerHandCalculator"/>
  <testcase name="isStraightFlush_straightButNotFlush_returnsFalse" time="0.002" classname="amc.pokerface.TestPokerHandCalculator"/>
  <testcase name="isStraight_aceHighStraight_returnsTrue" time="0.003" classname="amc.pokerface.TestPokerHandCalculator"/>
  <testcase name="isStraight_aceLowStraight_returnsTrue" time="0.001" classname="amc.pokerface.TestPokerHandCalculator"/>
  <testcase name="isStraight_cardsAreNotStraight_returnsFalse" time="0.004" classname="amc.pokerface.TestPokerHandCalculator"/>
  <testcase name="isStraight_simpleMidCardStraight_returnsTrue" time="0.001" classname="amc.pokerface.TestPokerHandCalculator"/>
  <testcase name="isThreeOfAKind_isThreeOfAKind_returnsTrue" time="0.001" classname="amc.pokerface.TestPokerHandCalculator"/>
  <testcase name="isThreeOfAKind_notThreeOfAKind_returnsFalse" time="0.007" classname="amc.pokerface.TestPokerHandCalculator"/>
</testsuite> <!-- Default test -->
